{"/home/moisesjr/Driven/album-tracker-api/src/db.ts": {"path":"/home/moisesjr/Driven/album-tracker-api/src/db.ts","statementMap":{"0":{"start":{"line":2,"column":25},"end":{"line":2,"column":28}},"1":{"start":{"line":3,"column":22},"end":{"line":3,"column":40}}},"fnMap":{},"branchMap":{},"s":{"0":2,"1":2},"f":{},"b":{}}
,"/home/moisesjr/Driven/album-tracker-api/src/index.ts": {"path":"/home/moisesjr/Driven/album-tracker-api/src/index.ts","statementMap":{"0":{"start":{"line":8,"column":12},"end":{"line":8,"column":21}},"1":{"start":{"line":10,"column":0},"end":{"line":10,"column":null}},"2":{"start":{"line":11,"column":0},"end":{"line":11,"column":null}},"3":{"start":{"line":12,"column":0},"end":{"line":12,"column":null}},"4":{"start":{"line":13,"column":0},"end":{"line":13,"column":null}}},"fnMap":{},"branchMap":{},"s":{"0":1,"1":1,"2":1,"3":1,"4":1},"f":{},"b":{}}
,"/home/moisesjr/Driven/album-tracker-api/src/setup.ts": {"path":"/home/moisesjr/Driven/album-tracker-api/src/setup.ts","statementMap":{"0":{"start":{"line":2,"column":0},"end":{"line":2,"column":16}}},"fnMap":{},"branchMap":{},"s":{"0":1},"f":{},"b":{}}
,"/home/moisesjr/Driven/album-tracker-api/src/controllers/userController.ts": {"path":"/home/moisesjr/Driven/album-tracker-api/src/controllers/userController.ts","statementMap":{"0":{"start":{"line":6,"column":26},"end":{"line":6,"column":34}},"1":{"start":{"line":8,"column":3},"end":{"line":8,"column":null}},"2":{"start":{"line":9,"column":3},"end":{"line":9,"column":null}}},"fnMap":{"0":{"name":"createUser","decl":{"start":{"line":5,"column":22},"end":{"line":5,"column":32}},"loc":{"start":{"line":5,"column":60},"end":{"line":10,"column":null}}}},"branchMap":{},"s":{"0":1,"1":1,"2":1},"f":{"0":1},"b":{}}
,"/home/moisesjr/Driven/album-tracker-api/src/middlewares/errorHandlingMiddleware.ts": {"path":"/home/moisesjr/Driven/album-tracker-api/src/middlewares/errorHandlingMiddleware.ts","statementMap":{"0":{"start":{"line":14,"column":3},"end":{"line":16,"column":null}},"1":{"start":{"line":15,"column":6},"end":{"line":15,"column":null}},"2":{"start":{"line":18,"column":3},"end":{"line":18,"column":null}}},"fnMap":{"0":{"name":"errorHandler","decl":{"start":{"line":8,"column":24},"end":{"line":8,"column":36}},"loc":{"start":{"line":12,"column":21},"end":{"line":19,"column":1}}}},"branchMap":{"0":{"loc":{"start":{"line":14,"column":3},"end":{"line":16,"column":null}},"type":"if","locations":[{"start":{"line":14,"column":3},"end":{"line":16,"column":null}}]}},"s":{"0":0,"1":0,"2":0},"f":{"0":0},"b":{"0":[0]}}
,"/home/moisesjr/Driven/album-tracker-api/src/middlewares/validateSchema.ts": {"path":"/home/moisesjr/Driven/album-tracker-api/src/middlewares/validateSchema.ts","statementMap":{"0":{"start":{"line":5,"column":3},"end":{"line":15,"column":null}},"1":{"start":{"line":6,"column":25},"end":{"line":6,"column":50}},"2":{"start":{"line":7,"column":6},"end":{"line":12,"column":null}},"3":{"start":{"line":8,"column":9},"end":{"line":11,"column":null}},"4":{"start":{"line":14,"column":6},"end":{"line":14,"column":null}}},"fnMap":{"0":{"name":"validateSchema","decl":{"start":{"line":4,"column":16},"end":{"line":4,"column":30}},"loc":{"start":{"line":4,"column":51},"end":{"line":16,"column":1}}},"1":{"name":"(anonymous_1)","decl":{"start":{"line":5,"column":10},"end":{"line":5,"column":11}},"loc":{"start":{"line":5,"column":62},"end":{"line":15,"column":4}}}},"branchMap":{"0":{"loc":{"start":{"line":7,"column":6},"end":{"line":12,"column":null}},"type":"if","locations":[{"start":{"line":7,"column":6},"end":{"line":12,"column":null}}]}},"s":{"0":1,"1":1,"2":1,"3":0,"4":1},"f":{"0":1,"1":1},"b":{"0":[0]}}
,"/home/moisesjr/Driven/album-tracker-api/src/repositories/userRepository.ts": {"path":"/home/moisesjr/Driven/album-tracker-api/src/repositories/userRepository.ts","statementMap":{"0":{"start":{"line":5,"column":3},"end":{"line":5,"column":null}},"1":{"start":{"line":9,"column":3},"end":{"line":11,"column":null}},"2":{"start":{"line":14,"column":30},"end":{"line":17,"column":null}}},"fnMap":{"0":{"name":"create","decl":{"start":{"line":4,"column":15},"end":{"line":4,"column":21}},"loc":{"start":{"line":4,"column":42},"end":{"line":6,"column":null}}},"1":{"name":"findByEmail","decl":{"start":{"line":8,"column":15},"end":{"line":8,"column":26}},"loc":{"start":{"line":8,"column":40},"end":{"line":12,"column":null}}}},"branchMap":{},"s":{"0":1,"1":1,"2":2},"f":{"0":1,"1":1},"b":{}}
,"/home/moisesjr/Driven/album-tracker-api/src/routers/routes.ts": {"path":"/home/moisesjr/Driven/album-tracker-api/src/routers/routes.ts","statementMap":{"0":{"start":{"line":4,"column":15},"end":{"line":4,"column":23}},"1":{"start":{"line":6,"column":0},"end":{"line":6,"column":null}}},"fnMap":{},"branchMap":{},"s":{"0":1,"1":1},"f":{},"b":{}}
,"/home/moisesjr/Driven/album-tracker-api/src/routers/userRouter.ts": {"path":"/home/moisesjr/Driven/album-tracker-api/src/routers/userRouter.ts","statementMap":{"0":{"start":{"line":6,"column":19},"end":{"line":6,"column":27}},"1":{"start":{"line":8,"column":0},"end":{"line":8,"column":null}}},"fnMap":{},"branchMap":{},"s":{"0":1,"1":1},"f":{},"b":{}}
,"/home/moisesjr/Driven/album-tracker-api/src/schemas/userDataSchema.ts": {"path":"/home/moisesjr/Driven/album-tracker-api/src/schemas/userDataSchema.ts","statementMap":{"0":{"start":{"line":5,"column":23},"end":{"line":9,"column":2}}},"fnMap":{},"branchMap":{},"s":{"0":1},"f":{},"b":{}}
,"/home/moisesjr/Driven/album-tracker-api/src/services/userServices.ts": {"path":"/home/moisesjr/Driven/album-tracker-api/src/services/userServices.ts","statementMap":{"0":{"start":{"line":6,"column":37},"end":{"line":6,"column":47}},"1":{"start":{"line":8,"column":24},"end":{"line":8,"column":63}},"2":{"start":{"line":9,"column":3},"end":{"line":9,"column":null}},"3":{"start":{"line":9,"column":21},"end":{"line":9,"column":null}},"4":{"start":{"line":11,"column":24},"end":{"line":11,"column":52}},"5":{"start":{"line":12,"column":3},"end":{"line":16,"column":null}},"6":{"start":{"line":19,"column":28},"end":{"line":21,"column":null}}},"fnMap":{"0":{"name":"create","decl":{"start":{"line":5,"column":15},"end":{"line":5,"column":21}},"loc":{"start":{"line":5,"column":42},"end":{"line":17,"column":null}}}},"branchMap":{"0":{"loc":{"start":{"line":9,"column":3},"end":{"line":9,"column":null}},"type":"if","locations":[{"start":{"line":9,"column":3},"end":{"line":9,"column":null}}]}},"s":{"0":2,"1":2,"2":2,"3":1,"4":1,"5":1,"6":2},"f":{"0":2},"b":{"0":[1]}}
,"/home/moisesjr/Driven/album-tracker-api/src/utils/errorUtils.ts": {"path":"/home/moisesjr/Driven/album-tracker-api/src/utils/errorUtils.ts","statementMap":{"0":{"start":{"line":14,"column":3},"end":{"line":14,"column":null}},"1":{"start":{"line":18,"column":3},"end":{"line":18,"column":null}},"2":{"start":{"line":18,"column":28},"end":{"line":18,"column":null}},"3":{"start":{"line":19,"column":3},"end":{"line":19,"column":null}},"4":{"start":{"line":19,"column":32},"end":{"line":19,"column":null}},"5":{"start":{"line":20,"column":3},"end":{"line":20,"column":null}},"6":{"start":{"line":20,"column":29},"end":{"line":20,"column":null}},"7":{"start":{"line":21,"column":3},"end":{"line":21,"column":null}},"8":{"start":{"line":21,"column":40},"end":{"line":21,"column":null}},"9":{"start":{"line":22,"column":3},"end":{"line":22,"column":null}},"10":{"start":{"line":22,"column":31},"end":{"line":22,"column":null}}},"fnMap":{"0":{"name":"isAppError","decl":{"start":{"line":13,"column":16},"end":{"line":13,"column":26}},"loc":{"start":{"line":13,"column":40},"end":{"line":15,"column":1}}},"1":{"name":"errorTypeToStatusCode","decl":{"start":{"line":17,"column":16},"end":{"line":17,"column":37}},"loc":{"start":{"line":17,"column":57},"end":{"line":23,"column":1}}}},"branchMap":{"0":{"loc":{"start":{"line":18,"column":3},"end":{"line":18,"column":null}},"type":"if","locations":[{"start":{"line":18,"column":3},"end":{"line":18,"column":null}}]},"1":{"loc":{"start":{"line":19,"column":3},"end":{"line":19,"column":null}},"type":"if","locations":[{"start":{"line":19,"column":3},"end":{"line":19,"column":null}}]},"2":{"loc":{"start":{"line":20,"column":3},"end":{"line":20,"column":null}},"type":"if","locations":[{"start":{"line":20,"column":3},"end":{"line":20,"column":null}}]},"3":{"loc":{"start":{"line":21,"column":3},"end":{"line":21,"column":null}},"type":"if","locations":[{"start":{"line":21,"column":3},"end":{"line":21,"column":null}}]},"4":{"loc":{"start":{"line":22,"column":3},"end":{"line":22,"column":null}},"type":"if","locations":[{"start":{"line":22,"column":3},"end":{"line":22,"column":null}}]}},"s":{"0":0,"1":0,"2":0,"3":0,"4":0,"5":0,"6":0,"7":0,"8":0,"9":0,"10":0},"f":{"0":0,"1":0},"b":{"0":[0],"1":[0],"2":[0],"3":[0],"4":[0]}}
,"/home/moisesjr/Driven/album-tracker-api/tests/factories/userFactory.ts": {"path":"/home/moisesjr/Driven/album-tracker-api/tests/factories/userFactory.ts","statementMap":{"0":{"start":{"line":7,"column":3},"end":{"line":11,"column":null}},"1":{"start":{"line":15,"column":3},"end":{"line":20,"column":null}}},"fnMap":{"0":{"name":"createUserBody","decl":{"start":{"line":6,"column":16},"end":{"line":6,"column":30}},"loc":{"start":{"line":6,"column":30},"end":{"line":12,"column":1}}},"1":{"name":"createUserDatabase","decl":{"start":{"line":14,"column":22},"end":{"line":14,"column":40}},"loc":{"start":{"line":14,"column":55},"end":{"line":21,"column":null}}}},"branchMap":{},"s":{"0":2,"1":0},"f":{"0":2,"1":0},"b":{}}
,"/home/moisesjr/Driven/album-tracker-api/tests/utils/startTest.ts": {"path":"/home/moisesjr/Driven/album-tracker-api/tests/utils/startTest.ts","statementMap":{"0":{"start":{"line":4,"column":3},"end":{"line":4,"column":null}},"1":{"start":{"line":4,"column":25},"end":{"line":4,"column":73}},"2":{"start":{"line":4,"column":26},"end":{"line":4,"column":73}},"3":{"start":{"line":6,"column":3},"end":{"line":6,"column":null}},"4":{"start":{"line":6,"column":23},"end":{"line":6,"column":51}},"5":{"start":{"line":6,"column":24},"end":{"line":6,"column":51}}},"fnMap":{"0":{"name":"startTest","decl":{"start":{"line":3,"column":30},"end":{"line":3,"column":39}},"loc":{"start":{"line":3,"column":39},"end":{"line":7,"column":null}}},"1":{"name":"(anonymous_9)","decl":{"start":{"line":4,"column":14},"end":{"line":4,"column":23}},"loc":{"start":{"line":4,"column":25},"end":{"line":4,"column":73}}},"2":{"name":"(anonymous_10)","decl":{"start":{"line":4,"column":25},"end":{"line":4,"column":26}},"loc":{"start":{"line":4,"column":25},"end":{"line":4,"column":73}}},"3":{"name":"(anonymous_11)","decl":{"start":{"line":6,"column":12},"end":{"line":6,"column":21}},"loc":{"start":{"line":6,"column":23},"end":{"line":6,"column":51}}},"4":{"name":"(anonymous_12)","decl":{"start":{"line":6,"column":23},"end":{"line":6,"column":24}},"loc":{"start":{"line":6,"column":23},"end":{"line":6,"column":51}}}},"branchMap":{},"s":{"0":1,"1":1,"2":1,"3":1,"4":1,"5":1},"f":{"0":1,"1":1,"2":1,"3":1,"4":1},"b":{}}
}
