TN:
SF:src/db.ts
FNF:0
FNH:0
DA:2,2
DA:3,2
LF:2
LH:2
BRF:0
BRH:0
end_of_record
TN:
SF:src/index.ts
FNF:0
FNH:0
DA:8,1
DA:10,1
DA:11,1
DA:12,1
DA:13,1
LF:5
LH:5
BRF:0
BRH:0
end_of_record
TN:
SF:src/setup.ts
FNF:0
FNH:0
DA:2,1
LF:1
LH:1
BRF:0
BRH:0
end_of_record
TN:
SF:src/controllers/userController.ts
FN:5,createUser
FNF:1
FNH:1
FNDA:1,createUser
DA:6,1
DA:8,1
DA:9,1
LF:3
LH:3
BRF:0
BRH:0
end_of_record
TN:
SF:src/middlewares/errorHandlingMiddleware.ts
FN:8,errorHandler
FNF:1
FNH:0
FNDA:0,errorHandler
DA:14,0
DA:15,0
DA:18,0
LF:3
LH:0
BRDA:14,0,0,0
BRF:1
BRH:0
end_of_record
TN:
SF:src/middlewares/validateSchema.ts
FN:4,validateSchema
FN:5,(anonymous_1)
FNF:2
FNH:2
FNDA:1,validateSchema
FNDA:1,(anonymous_1)
DA:5,1
DA:6,1
DA:7,1
DA:8,0
DA:14,1
LF:5
LH:4
BRDA:7,0,0,0
BRF:1
BRH:0
end_of_record
TN:
SF:src/repositories/userRepository.ts
FN:4,create
FN:8,findByEmail
FNF:2
FNH:2
FNDA:1,create
FNDA:1,findByEmail
DA:5,1
DA:9,1
DA:14,2
LF:3
LH:3
BRF:0
BRH:0
end_of_record
TN:
SF:src/routers/routes.ts
FNF:0
FNH:0
DA:4,1
DA:6,1
LF:2
LH:2
BRF:0
BRH:0
end_of_record
TN:
SF:src/routers/userRouter.ts
FNF:0
FNH:0
DA:6,1
DA:8,1
LF:2
LH:2
BRF:0
BRH:0
end_of_record
TN:
SF:src/schemas/userDataSchema.ts
FNF:0
FNH:0
DA:5,1
LF:1
LH:1
BRF:0
BRH:0
end_of_record
TN:
SF:src/services/userServices.ts
FN:5,create
FNF:1
FNH:1
FNDA:2,create
DA:6,2
DA:8,2
DA:9,2
DA:11,1
DA:12,1
DA:19,2
LF:6
LH:6
BRDA:9,0,0,1
BRF:1
BRH:1
end_of_record
TN:
SF:src/utils/errorUtils.ts
FN:13,isAppError
FN:17,errorTypeToStatusCode
FNF:2
FNH:0
FNDA:0,isAppError
FNDA:0,errorTypeToStatusCode
DA:14,0
DA:18,0
DA:19,0
DA:20,0
DA:21,0
DA:22,0
LF:6
LH:0
BRDA:18,0,0,0
BRDA:19,1,0,0
BRDA:20,2,0,0
BRDA:21,3,0,0
BRDA:22,4,0,0
BRF:5
BRH:0
end_of_record
TN:
SF:tests/factories/userFactory.ts
FN:6,createUserBody
FN:14,createUserDatabase
FNF:2
FNH:1
FNDA:2,createUserBody
FNDA:0,createUserDatabase
DA:7,2
DA:15,0
LF:2
LH:1
BRF:0
BRH:0
end_of_record
TN:
SF:tests/utils/startTest.ts
FN:3,startTest
FN:4,(anonymous_9)
FN:4,(anonymous_10)
FN:6,(anonymous_11)
FN:6,(anonymous_12)
FNF:5
FNH:5
FNDA:1,startTest
FNDA:1,(anonymous_9)
FNDA:1,(anonymous_10)
FNDA:1,(anonymous_11)
FNDA:1,(anonymous_12)
DA:4,1
DA:6,1
LF:2
LH:2
BRF:0
BRH:0
end_of_record
